<?xml version="1.0" encoding="UTF-8"?>
<!-- Generated by org.testng.reporters.JUnitXMLReporter -->
<testsuite ignored="0" hostname="DESKTOP-77JFD19" failures="1" tests="12" name="Personal Loan" time="0.203" errors="0" timestamp="2024-09-13T21:25:21 IST">
  <testcase classname="test.day1" name="demo" time="0.009"/>
  <testcase classname="test.day1" name="demo1" time="0.054">
    <failure type="java.lang.AssertionError" message="expected [true] but found [false]">
      <![CDATA[java.lang.AssertionError: expected [true] but found [false]
at test.day1.demo1(day1.java:35)
at java.base/java.util.ArrayList.forEach(ArrayList.java:1596)
... Removed 29 stack frames]]>
    </failure>
  </testcase> <!-- demo1 -->
  <testcase classname="test.day3" name="Mobilelogincar" time="0.003"/>
  <testcase classname="test.day3" name="Mobilesignincar" time="0.003"/>
  <testcase classname="test.day3" name="Mobilesignoutcar" time="0.004"/>
  <testcase classname="test.day3" name="Weblogincar" time="0.004"/>
  <testcase classname="test.day3" name="apilogincar" time="0.002"/>
  <testcase classname="test.day4" name="WebloginHome" time="0.001"/>
  <testcase classname="test.day4" name="apiloginHome" time="0.003"/>
  <testcase classname="test.day4" name="apiloginHome" time="0.001"/>
  <testcase classname="test.day4" name="apiloginHome" time="0.002"/>
  <testcase classname="test.day4" name="MobileloginHome" time="0.002"/>
</testsuite> <!-- Personal Loan -->
